<?xml version="1.0" encoding="UTF-8"?>
<!-- Generated by org.testng.reporters.JUnitReportReporter -->
<testsuite skipped="0" hostname="DESKTOP-DD6RFRG" name="test.usertest.UserTest" tests="1" failures="0" timestamp="21 Mar 2023 10:45:11 GMT" time="1.890" errors="0">
  <testcase name="testPostUser" time="1.890" classname="test.usertest.UserTest"/>
</testsuite> <!-- test.usertest.UserTest -->
