<?xml version="1.0" encoding="UTF-8"?>
<!-- Generated by org.testng.reporters.JUnitReportReporter -->
<testsuite skipped="0" hostname="DESKTOP-DD6RFRG" name="test.UserTest2" tests="4" failures="0" timestamp="21 Mar 2023 10:55:51 GMT" time="18.279" errors="0">
  <testcase name="testPostUser" time="10.682" classname="test.UserTest2"/>
  <testcase name="testGetUserByName" time="1.985" classname="test.UserTest2"/>
  <testcase name="testUpdateUserByName" time="3.831" classname="test.UserTest2"/>
  <testcase name="testDeleteUserByName" time="1.781" classname="test.UserTest2"/>
</testsuite> <!-- test.UserTest2 -->
