<?xml version="1.0" encoding="UTF-8"?>
<!-- Generated by org.testng.reporters.JUnitReportReporter -->
<testsuite skipped="0" hostname="DESKTOP-DD6RFRG" name="test.usertest.UserTest2" tests="4" failures="0" timestamp="24 Mar 2023 04:04:33 GMT" time="19.683" errors="0">
  <testcase name="testPostUser" time="10.261" classname="test.usertest.UserTest2"/>
  <testcase name="testGetUserByName" time="3.047" classname="test.usertest.UserTest2"/>
  <testcase name="testUpdateUserByName" time="4.141" classname="test.usertest.UserTest2"/>
  <testcase name="testDeleteUserByName" time="2.234" classname="test.usertest.UserTest2"/>
</testsuite> <!-- test.usertest.UserTest2 -->
