<?xml version="1.0" encoding="UTF-8"?>
<!-- Generated by org.testng.reporters.JUnitReportReporter -->
<testsuite skipped="0" hostname="DESKTOP-DD6RFRG" name="test.usertest.DDTest" tests="12" failures="0" timestamp="21 Mar 2023 10:45:11 GMT" time="27.322" errors="0">
  <testcase name="testPostUser" time="1.907" classname="test.usertest.DDTest"/>
  <testcase name="testPostUser" time="7.464" classname="test.usertest.DDTest"/>
  <testcase name="testPostUser" time="1.984" classname="test.usertest.DDTest"/>
  <testcase name="testPostUser" time="1.844" classname="test.usertest.DDTest"/>
  <testcase name="testPostUser" time="1.672" classname="test.usertest.DDTest"/>
  <testcase name="testPostUser" time="1.849" classname="test.usertest.DDTest"/>
  <testcase name="testDeleteUserByName" time="1.594" classname="test.usertest.DDTest"/>
  <testcase name="testDeleteUserByName" time="1.668" classname="test.usertest.DDTest"/>
  <testcase name="testDeleteUserByName" time="2.218" classname="test.usertest.DDTest"/>
  <testcase name="testDeleteUserByName" time="1.625" classname="test.usertest.DDTest"/>
  <testcase name="testDeleteUserByName" time="1.594" classname="test.usertest.DDTest"/>
  <testcase name="testDeleteUserByName" time="1.903" classname="test.usertest.DDTest"/>
</testsuite> <!-- test.usertest.DDTest -->
