<?xml version="1.0" encoding="UTF-8"?>
<!-- Generated by org.testng.reporters.JUnitReportReporter -->
<testsuite skipped="0" hostname="DESKTOP-DD6RFRG" name="test.usertest.DDTest" tests="12" failures="0" timestamp="12 Apr 2023 07:56:17 GMT" time="24.560" errors="0">
  <testcase name="testPostUser" time="1.517" classname="test.usertest.DDTest"/>
  <testcase name="testPostUser" time="1.411" classname="test.usertest.DDTest"/>
  <testcase name="testPostUser" time="1.415" classname="test.usertest.DDTest"/>
  <testcase name="testPostUser" time="1.388" classname="test.usertest.DDTest"/>
  <testcase name="testPostUser" time="8.886" classname="test.usertest.DDTest"/>
  <testcase name="testPostUser" time="1.465" classname="test.usertest.DDTest"/>
  <testcase name="testDeleteUserByName" time="1.417" classname="test.usertest.DDTest"/>
  <testcase name="testDeleteUserByName" time="1.371" classname="test.usertest.DDTest"/>
  <testcase name="testDeleteUserByName" time="1.402" classname="test.usertest.DDTest"/>
  <testcase name="testDeleteUserByName" time="1.463" classname="test.usertest.DDTest"/>
  <testcase name="testDeleteUserByName" time="1.456" classname="test.usertest.DDTest"/>
  <testcase name="testDeleteUserByName" time="1.369" classname="test.usertest.DDTest"/>
</testsuite> <!-- test.usertest.DDTest -->
