<?xml version="1.0" encoding="UTF-8"?>
<!-- Generated by org.testng.reporters.JUnitReportReporter -->
<testsuite skipped="0" hostname="DESKTOP-DD6RFRG" name="test.usertest.UserTest2" tests="4" failures="0" timestamp="12 Apr 2023 07:45:19 GMT" time="17.004" errors="0">
  <testcase name="testPostUser" time="10.729" classname="test.usertest.UserTest2"/>
  <testcase name="testGetUserByName" time="1.996" classname="test.usertest.UserTest2"/>
  <testcase name="testUpdateUserByName" time="2.868" classname="test.usertest.UserTest2"/>
  <testcase name="testDeleteUserByName" time="1.411" classname="test.usertest.UserTest2"/>
</testsuite> <!-- test.usertest.UserTest2 -->
