<?xml version="1.0" encoding="UTF-8"?>
<!-- Generated by org.testng.reporters.JUnitReportReporter -->
<testsuite skipped="0" hostname="DESKTOP-DD6RFRG" name="test.usertest.UserTest2" tests="4" failures="0" timestamp="26 Mar 2023 04:08:04 GMT" time="16.314" errors="0">
  <testcase name="testPostUser" time="9.899" classname="test.usertest.UserTest2"/>
  <testcase name="testGetUserByName" time="2.074" classname="test.usertest.UserTest2"/>
  <testcase name="testUpdateUserByName" time="2.920" classname="test.usertest.UserTest2"/>
  <testcase name="testDeleteUserByName" time="1.421" classname="test.usertest.UserTest2"/>
</testsuite> <!-- test.usertest.UserTest2 -->
