<?xml version="1.0" encoding="UTF-8"?>
<!-- Generated by org.testng.reporters.JUnitReportReporter -->
<testsuite skipped="0" hostname="DESKTOP-DD6RFRG" name="test.UserTest" tests="4" failures="0" timestamp="23 Mar 2023 02:15:23 GMT" time="9.633" errors="0">
  <testcase name="testPostUser" time="2.056" classname="test.UserTest"/>
  <testcase name="testGetUserByName" time="1.843" classname="test.UserTest"/>
  <testcase name="testUpdateUserByName" time="3.778" classname="test.UserTest"/>
  <testcase name="testDeleteUserByName" time="1.956" classname="test.UserTest"/>
</testsuite> <!-- test.UserTest -->
