<?xml version="1.0" encoding="UTF-8"?>
<!-- Generated by org.testng.reporters.JUnitReportReporter -->
<testsuite skipped="0" hostname="DESKTOP-DD6RFRG" name="test.DDTest" tests="12" failures="0" timestamp="23 Mar 2023 06:56:25 GMT" time="30.159" errors="0">
  <testcase name="testPostUser" time="1.913" classname="test.DDTest"/>
  <testcase name="testPostUser" time="2.354" classname="test.DDTest"/>
  <testcase name="testPostUser" time="1.920" classname="test.DDTest"/>
  <testcase name="testPostUser" time="2.195" classname="test.DDTest"/>
  <testcase name="testPostUser" time="9.054" classname="test.DDTest"/>
  <testcase name="testPostUser" time="2.172" classname="test.DDTest"/>
  <testcase name="testDeleteUserByName" time="1.596" classname="test.DDTest"/>
  <testcase name="testDeleteUserByName" time="1.590" classname="test.DDTest"/>
  <testcase name="testDeleteUserByName" time="1.604" classname="test.DDTest"/>
  <testcase name="testDeleteUserByName" time="1.923" classname="test.DDTest"/>
  <testcase name="testDeleteUserByName" time="1.932" classname="test.DDTest"/>
  <testcase name="testDeleteUserByName" time="1.906" classname="test.DDTest"/>
</testsuite> <!-- test.DDTest -->
