<?xml version="1.0" encoding="UTF-8"?>
<!-- Generated by org.testng.reporters.JUnitReportReporter -->
<testsuite skipped="0" hostname="DESKTOP-DD6RFRG" name="test.DDTest" tests="12" failures="0" timestamp="23 Mar 2023 02:15:23 GMT" time="45.924" errors="0">
  <testcase name="testPostUser" time="1.708" classname="test.DDTest"/>
  <testcase name="testPostUser" time="24.886" classname="test.DDTest"/>
  <testcase name="testPostUser" time="1.907" classname="test.DDTest"/>
  <testcase name="testPostUser" time="1.988" classname="test.DDTest"/>
  <testcase name="testPostUser" time="2.140" classname="test.DDTest"/>
  <testcase name="testPostUser" time="1.898" classname="test.DDTest"/>
  <testcase name="testDeleteUserByName" time="1.848" classname="test.DDTest"/>
  <testcase name="testDeleteUserByName" time="2.112" classname="test.DDTest"/>
  <testcase name="testDeleteUserByName" time="1.810" classname="test.DDTest"/>
  <testcase name="testDeleteUserByName" time="1.735" classname="test.DDTest"/>
  <testcase name="testDeleteUserByName" time="1.795" classname="test.DDTest"/>
  <testcase name="testDeleteUserByName" time="2.097" classname="test.DDTest"/>
</testsuite> <!-- test.DDTest -->
