<?xml version="1.0" encoding="UTF-8"?>
<!-- Generated by org.testng.reporters.JUnitReportReporter -->
<testsuite skipped="0" hostname="DESKTOP-DD6RFRG" name="test.UserTest" tests="4" failures="0" timestamp="23 Mar 2023 06:56:25 GMT" time="10.163" errors="0">
  <testcase name="testPostUser" time="2.170" classname="test.UserTest"/>
  <testcase name="testGetUserByName" time="1.918" classname="test.UserTest"/>
  <testcase name="testUpdateUserByName" time="3.818" classname="test.UserTest"/>
  <testcase name="testDeleteUserByName" time="2.257" classname="test.UserTest"/>
</testsuite> <!-- test.UserTest -->
